<?xml version="1.0" encoding="UTF-8"?>
<testsuite xmlns:xsi="http://www.w3.org/2001/XMLSchema-instance" xsi:noNamespaceSchemaLocation="https://maven.apache.org/surefire/maven-surefire-plugin/xsd/surefire-test-report.xsd" name="com.todoapp.integration.CorsIntegrationTest" time="0.047" tests="3" errors="0" skipped="0" failures="2">
  <properties>
[...]
</properties>
  <testcase name="corsActualRequest_AllowedOrigin" classname="com.todoapp.integration.CorsIntegrationTest" time="0.031">
    <failure message="Status expected:&lt;200&gt; but was:&lt;403&gt;" type="java.lang.AssertionError"><![CDATA[java.lang.AssertionError: Status expected:<200> but was:<403>
	at com.todoapp.integration.CorsIntegrationTest.corsActualRequest_AllowedOrigin(CorsIntegrationTest.java:48)
]]></failure>
    <system-out><![CDATA[2025-03-27 12:23:22.475  INFO 84206 --- [           main] .b.t.c.SpringBootTestContextBootstrapper : Neither @ContextConfiguration nor @ContextHierarchy found for test class [com.todoapp.integration.CorsIntegrationTest], using SpringBootContextLoader
2025-03-27 12:23:22.475  INFO 84206 --- [           main] o.s.t.c.support.AbstractContextLoader    : Could not detect default resource locations for test class [com.todoapp.integration.CorsIntegrationTest]: no resource found for suffixes {-context.xml, Context.groovy}.
2025-03-27 12:23:22.475  INFO 84206 --- [           main] t.c.s.AnnotationConfigContextLoaderUtils : Could not detect default configuration classes for test class [com.todoapp.integration.CorsIntegrationTest]: CorsIntegrationTest does not declare any static, non-private, non-final, nested classes annotated with @Configuration.
2025-03-27 12:23:22.478  INFO 84206 --- [           main] .b.t.c.SpringBootTestContextBootstrapper : Found @SpringBootConfiguration com.todoapp.TodoApplication for test class com.todoapp.integration.CorsIntegrationTest
2025-03-27 12:23:22.479  INFO 84206 --- [           main] .b.t.c.SpringBootTestContextBootstrapper : Loaded default TestExecutionListener class names from location [META-INF/spring.factories]: [org.springframework.boot.test.mock.mockito.MockitoTestExecutionListener, org.springframework.boot.test.mock.mockito.ResetMocksTestExecutionListener, org.springframework.boot.test.autoconfigure.restdocs.RestDocsTestExecutionListener, org.springframework.boot.test.autoconfigure.web.client.MockRestServiceServerResetTestExecutionListener, org.springframework.boot.test.autoconfigure.web.servlet.MockMvcPrintOnlyOnFailureTestExecutionListener, org.springframework.boot.test.autoconfigure.web.servlet.WebDriverTestExecutionListener, org.springframework.boot.test.autoconfigure.webservices.client.MockWebServiceServerTestExecutionListener, org.springframework.test.context.web.ServletTestExecutionListener, org.springframework.test.context.support.DirtiesContextBeforeModesTestExecutionListener, org.springframework.test.context.event.ApplicationEventsTestExecutionListener, org.springframework.test.context.support.DependencyInjectionTestExecutionListener, org.springframework.test.context.support.DirtiesContextTestExecutionListener, org.springframework.test.context.transaction.TransactionalTestExecutionListener, org.springframework.test.context.jdbc.SqlScriptsTestExecutionListener, org.springframework.test.context.event.EventPublishingTestExecutionListener, org.springframework.security.test.context.support.WithSecurityContextTestExecutionListener, org.springframework.security.test.context.support.ReactorContextTestExecutionListener]
2025-03-27 12:23:22.479  INFO 84206 --- [           main] .b.t.c.SpringBootTestContextBootstrapper : Using TestExecutionListeners: [org.springframework.test.context.web.ServletTestExecutionListener@109a462e, org.springframework.test.context.support.DirtiesContextBeforeModesTestExecutionListener@258e5601, org.springframework.test.context.event.ApplicationEventsTestExecutionListener@58a06477, org.springframework.boot.test.mock.mockito.MockitoTestExecutionListener@1c4335c8, org.springframework.boot.test.autoconfigure.SpringBootDependencyInjectionTestExecutionListener@5e2abb58, org.springframework.test.context.support.DirtiesContextTestExecutionListener@943d0c2, org.springframework.test.context.transaction.TransactionalTestExecutionListener@529b8e41, org.springframework.test.context.jdbc.SqlScriptsTestExecutionListener@57f31caf, org.springframework.test.context.event.EventPublishingTestExecutionListener@5c088d72, org.springframework.security.test.context.support.WithSecurityContextTestExecutionListener@4bda93f1, org.springframework.security.test.context.support.ReactorContextTestExecutionListener@45bde54d, org.springframework.boot.test.mock.mockito.ResetMocksTestExecutionListener@ae49f31, org.springframework.boot.test.autoconfigure.restdocs.RestDocsTestExecutionListener@121fe002, org.springframework.boot.test.autoconfigure.web.client.MockRestServiceServerResetTestExecutionListener@d45acab, org.springframework.boot.test.autoconfigure.web.servlet.MockMvcPrintOnlyOnFailureTestExecutionListener@2778a7c3, org.springframework.boot.test.autoconfigure.web.servlet.WebDriverTestExecutionListener@94ba90a, org.springframework.boot.test.autoconfigure.webservices.client.MockWebServiceServerTestExecutionListener@643947d1]
2025-03-27 12:23:22.493 DEBUG 84206 --- [           main] o.s.security.web.FilterChainProxy        : Securing OPTIONS /api/users
2025-03-27 12:23:22.497 DEBUG 84206 --- [           main] s.s.w.c.SecurityContextPersistenceFilter : Set SecurityContextHolder to empty SecurityContext
2025-03-27 12:23:22.513 DEBUG 84206 --- [           main] s.s.w.c.SecurityContextPersistenceFilter : Cleared SecurityContextHolder to complete request

MockHttpServletRequest:
      HTTP Method = OPTIONS
      Request URI = /api/users
       Parameters = {}
          Headers = [Origin:"http://localhost:3000", Access-Control-Request-Method:"GET"]
             Body = null
    Session Attrs = {}

Handler:
             Type = null

Async:
    Async started = false
     Async result = null

Resolved Exception:
             Type = null

ModelAndView:
        View name = null
             View = null
            Model = null

FlashMap:
       Attributes = null

MockHttpServletResponse:
           Status = 403
    Error message = null
          Headers = [Vary:"Origin", "Access-Control-Request-Method", "Access-Control-Request-Headers", X-Content-Type-Options:"nosniff", X-XSS-Protection:"1; mode=block", Cache-Control:"no-cache, no-store, max-age=0, must-revalidate", Pragma:"no-cache", Expires:"0", X-Frame-Options:"DENY"]
     Content type = null
             Body = Invalid CORS request
    Forwarded URL = null
   Redirected URL = null
          Cookies = []
]]></system-out>
  </testcase>
  <testcase name="corsPreflight_DisallowedOrigin" classname="com.todoapp.integration.CorsIntegrationTest" time="0.006"/>
  <testcase name="corsPreflight_AllowedOrigin" classname="com.todoapp.integration.CorsIntegrationTest" time="0.008">
    <failure message="Status expected:&lt;200&gt; but was:&lt;403&gt;" type="java.lang.AssertionError"><![CDATA[java.lang.AssertionError: Status expected:<200> but was:<403>
	at com.todoapp.integration.CorsIntegrationTest.corsPreflight_AllowedOrigin(CorsIntegrationTest.java:27)
]]></failure>
    <system-out><![CDATA[2025-03-27 12:23:22.535 DEBUG 84206 --- [           main] o.s.security.web.FilterChainProxy        : Securing OPTIONS /api/users
2025-03-27 12:23:22.535 DEBUG 84206 --- [           main] s.s.w.c.SecurityContextPersistenceFilter : Set SecurityContextHolder to empty SecurityContext
2025-03-27 12:23:22.535 DEBUG 84206 --- [           main] s.s.w.c.SecurityContextPersistenceFilter : Cleared SecurityContextHolder to complete request

MockHttpServletRequest:
      HTTP Method = OPTIONS
      Request URI = /api/users
       Parameters = {}
          Headers = [Origin:"http://localhost:3000", Access-Control-Request-Method:"POST", Access-Control-Request-Headers:"content-type"]
             Body = null
    Session Attrs = {}

Handler:
             Type = null

Async:
    Async started = false
     Async result = null

Resolved Exception:
             Type = null

ModelAndView:
        View name = null
             View = null
            Model = null

FlashMap:
       Attributes = null

MockHttpServletResponse:
           Status = 403
    Error message = null
          Headers = [Vary:"Origin", "Access-Control-Request-Method", "Access-Control-Request-Headers", X-Content-Type-Options:"nosniff", X-XSS-Protection:"1; mode=block", Cache-Control:"no-cache, no-store, max-age=0, must-revalidate", Pragma:"no-cache", Expires:"0", X-Frame-Options:"DENY"]
     Content type = null
             Body = Invalid CORS request
    Forwarded URL = null
   Redirected URL = null
          Cookies = []
]]></system-out>
  </testcase>
</testsuite>